# JRE version: Java(TM) SE Runtime Environment 18.9 (11.0.10+8) (build 11.0.10+8-LTS-162)
# Java VM: Java HotSpot(TM) 64-Bit Server VM 18.9 (11.0.10+8-LTS-162, mixed mode, tiered, compressed oops, parallel gc, windows-amd64)
Heap:
 PSYoungGen      total 27648K, used 0K [0x00000000eab00000, 0x00000000ecf80000, 0x0000000100000000)
  eden space 20992K, 0% used [0x00000000eab00000,0x00000000eab00000,0x00000000ebf80000)
  from space 6656K, 0% used [0x00000000ec500000,0x00000000ec500000,0x00000000ecb80000)
  to   space 2560K, 0% used [0x00000000ecd00000,0x00000000ecd00000,0x00000000ecf80000)
 ParOldGen       total 68608K, used 24438K [0x00000000c0000000, 0x00000000c4300000, 0x00000000eab00000)
  object space 68608K, 35% used [0x00000000c0000000,0x00000000c17ddae0,0x00000000c4300000)
 Metaspace       used 33555K, capacity 35452K, committed 35584K, reserved 1081344K
  class space    used 3138K, capacity 3776K, committed 3840K, reserved 1048576K
GC Heap History (10 events):
Event: 5.359 GC heap before
{Heap before GC invocations=13 (full 1):
 PSYoungGen      total 24576K, used 24320K [0x00000000eab00000, 0x00000000ec680000, 0x0000000100000000)
  eden space 22016K, 100% used [0x00000000eab00000,0x00000000ec080000,0x00000000ec080000)
  from space 2560K, 90% used [0x00000000ec200000,0x00000000ec440010,0x00000000ec480000)
  to   space 2048K, 0% used [0x00000000ec480000,0x00000000ec480000,0x00000000ec680000)
 ParOldGen       total 68608K, used 15933K [0x00000000c0000000, 0x00000000c4300000, 0x00000000eab00000)
  object space 68608K, 23% used [0x00000000c0000000,0x00000000c0f8f628,0x00000000c4300000)
 Metaspace       used 31172K, capacity 32993K, committed 33152K, reserved 1079296K
  class space    used 2985K, capacity 3639K, committed 3712K, reserved 1048576K
}
Event: 5.387 GC heap after
{Heap after GC invocations=13 (full 1):
 PSYoungGen      total 23040K, used 2016K [0x00000000eab00000, 0x00000000eca80000, 0x0000000100000000)
  eden space 20992K, 0% used [0x00000000eab00000,0x00000000eab00000,0x00000000ebf80000)
  from space 2048K, 98% used [0x00000000ec480000,0x00000000ec678010,0x00000000ec680000)
  to   space 5120K, 0% used [0x00000000ebf80000,0x00000000ebf80000,0x00000000ec480000)
 ParOldGen       total 68608K, used 18281K [0x00000000c0000000, 0x00000000c4300000, 0x00000000eab00000)
  object space 68608K, 26% used [0x00000000c0000000,0x00000000c11da430,0x00000000c4300000)
 Metaspace       used 31172K, capacity 32993K, committed 33152K, reserved 1079296K
  class space    used 2985K, capacity 3639K, committed 3712K, reserved 1048576K
}
Event: 5.467 GC heap before
{Heap before GC invocations=14 (full 1):
 PSYoungGen      total 23040K, used 23008K [0x00000000eab00000, 0x00000000eca80000, 0x0000000100000000)
  eden space 20992K, 100% used [0x00000000eab00000,0x00000000ebf80000,0x00000000ebf80000)
  from space 2048K, 98% used [0x00000000ec480000,0x00000000ec678010,0x00000000ec680000)
  to   space 5120K, 0% used [0x00000000ebf80000,0x00000000ebf80000,0x00000000ec480000)
 ParOldGen       total 68608K, used 18281K [0x00000000c0000000, 0x00000000c4300000, 0x00000000eab00000)
  object space 68608K, 26% used [0x00000000c0000000,0x00000000c11da430,0x00000000c4300000)
 Metaspace       used 31172K, capacity 32993K, committed 33152K, reserved 1079296K
  class space    used 2985K, capacity 3639K, committed 3712K, reserved 1048576K
}
Event: 5.518 GC heap after
{Heap after GC invocations=14 (full 1):
 PSYoungGen      total 26112K, used 1824K [0x00000000eab00000, 0x00000000ed200000, 0x0000000100000000)
  eden space 20992K, 0% used [0x00000000eab00000,0x00000000eab00000,0x00000000ebf80000)
  from space 5120K, 35% used [0x00000000ebf80000,0x00000000ec148000,0x00000000ec480000)
  to   space 3072K, 0% used [0x00000000ecf00000,0x00000000ecf00000,0x00000000ed200000)
 ParOldGen       total 68608K, used 20321K [0x00000000c0000000, 0x00000000c4300000, 0x00000000eab00000)
  object space 68608K, 29% used [0x00000000c0000000,0x00000000c13d8440,0x00000000c4300000)
 Metaspace       used 31172K, capacity 32993K, committed 33152K, reserved 1079296K
  class space    used 2985K, capacity 3639K, committed 3712K, reserved 1048576K
}
Event: 5.994 GC heap before
{Heap before GC invocations=15 (full 1):
 PSYoungGen      total 26112K, used 22815K [0x00000000eab00000, 0x00000000ed200000, 0x0000000100000000)
  eden space 20992K, 99% used [0x00000000eab00000,0x00000000ebf7fff8,0x00000000ebf80000)
  from space 5120K, 35% used [0x00000000ebf80000,0x00000000ec148000,0x00000000ec480000)
  to   space 3072K, 0% used [0x00000000ecf00000,0x00000000ecf00000,0x00000000ed200000)
 ParOldGen       total 68608K, used 20321K [0x00000000c0000000, 0x00000000c4300000, 0x00000000eab00000)
  object space 68608K, 29% used [0x00000000c0000000,0x00000000c13d8440,0x00000000c4300000)
 Metaspace       used 31734K, capacity 33628K, committed 33664K, reserved 1079296K
  class space    used 3023K, capacity 3680K, committed 3712K, reserved 1048576K
}
Event: 6.018 GC heap after
{Heap after GC invocations=15 (full 1):
 PSYoungGen      total 24064K, used 3048K [0x00000000eab00000, 0x00000000ed200000, 0x0000000100000000)
  eden space 20992K, 0% used [0x00000000eab00000,0x00000000eab00000,0x00000000ebf80000)
  from space 3072K, 99% used [0x00000000ecf00000,0x00000000ed1fa3c0,0x00000000ed200000)
  to   space 6656K, 0% used [0x00000000ec500000,0x00000000ec500000,0x00000000ecb80000)
 ParOldGen       total 68608K, used 22970K [0x00000000c0000000, 0x00000000c4300000, 0x00000000eab00000)
  object space 68608K, 33% used [0x00000000c0000000,0x00000000c166e830,0x00000000c4300000)
 Metaspace       used 31734K, capacity 33628K, committed 33664K, reserved 1079296K
  class space    used 3023K, capacity 3680K, committed 3712K, reserved 1048576K
}
Event: 6.353 GC heap before
{Heap before GC invocations=16 (full 1):
 PSYoungGen      total 24064K, used 20200K [0x00000000eab00000, 0x00000000ed200000, 0x0000000100000000)
  eden space 20992K, 81% used [0x00000000eab00000,0x00000000ebbbfce0,0x00000000ebf80000)
  from space 3072K, 99% used [0x00000000ecf00000,0x00000000ed1fa3c0,0x00000000ed200000)
  to   space 6656K, 0% used [0x00000000ec500000,0x00000000ec500000,0x00000000ecb80000)
 ParOldGen       total 68608K, used 22970K [0x00000000c0000000, 0x00000000c4300000, 0x00000000eab00000)
  object space 68608K, 33% used [0x00000000c0000000,0x00000000c166e830,0x00000000c4300000)
 Metaspace       used 33400K, capacity 35260K, committed 35328K, reserved 1081344K
  class space    used 3138K, capacity 3776K, committed 3840K, reserved 1048576K
}
Event: 6.422 GC heap after
{Heap after GC invocations=16 (full 1):
 PSYoungGen      total 27648K, used 564K [0x00000000eab00000, 0x00000000ecf80000, 0x0000000100000000)
  eden space 20992K, 0% used [0x00000000eab00000,0x00000000eab00000,0x00000000ebf80000)
  from space 6656K, 8% used [0x00000000ec500000,0x00000000ec58d320,0x00000000ecb80000)
  to   space 2560K, 0% used [0x00000000ecd00000,0x00000000ecd00000,0x00000000ecf80000)
 ParOldGen       total 68608K, used 25491K [0x00000000c0000000, 0x00000000c4300000, 0x00000000eab00000)
  object space 68608K, 37% used [0x00000000c0000000,0x00000000c18e4c78,0x00000000c4300000)
 Metaspace       used 33400K, capacity 35260K, committed 35328K, reserved 1081344K
  class space    used 3138K, capacity 3776K, committed 3840K, reserved 1048576K
}
Event: 6.422 GC heap before
{Heap before GC invocations=17 (full 2):
 PSYoungGen      total 27648K, used 564K [0x00000000eab00000, 0x00000000ecf80000, 0x0000000100000000)
  eden space 20992K, 0% used [0x00000000eab00000,0x00000000eab00000,0x00000000ebf80000)
  from space 6656K, 8% used [0x00000000ec500000,0x00000000ec58d320,0x00000000ecb80000)
  to   space 2560K, 0% used [0x00000000ecd00000,0x00000000ecd00000,0x00000000ecf80000)
 ParOldGen       total 68608K, used 25491K [0x00000000c0000000, 0x00000000c4300000, 0x00000000eab00000)
  object space 68608K, 37% used [0x00000000c0000000,0x00000000c18e4c78,0x00000000c4300000)
 Metaspace       used 33400K, capacity 35260K, committed 35328K, reserved 1081344K
  class space    used 3138K, capacity 3776K, committed 3840K, reserved 1048576K
}
Event: 6.620 GC heap after
{Heap after GC invocations=17 (full 2):
 PSYoungGen      total 27648K, used 0K [0x00000000eab00000, 0x00000000ecf80000, 0x0000000100000000)
  eden space 20992K, 0% used [0x00000000eab00000,0x00000000eab00000,0x00000000ebf80000)
  from space 6656K, 0% used [0x00000000ec500000,0x00000000ec500000,0x00000000ecb80000)
  to   space 2560K, 0% used [0x00000000ecd00000,0x00000000ecd00000,0x00000000ecf80000)
 ParOldGen       total 68608K, used 24438K [0x00000000c0000000, 0x00000000c4300000, 0x00000000eab00000)
  object space 68608K, 35% used [0x00000000c0000000,0x00000000c17ddae0,0x00000000c4300000)
 Metaspace       used 33400K, capacity 35260K, committed 35328K, reserved 1081344K
  class space    used 3138K, capacity 3776K, committed 3840K, reserved 1048576K
}

